<?xml version="1.0" encoding="UTF-8"?>
<!-- Generated by org.testng.reporters.JUnitReportReporter -->
<testsuite hostname="DESKTOP-CK5OVN5" name="freecrm.Signup" tests="2" failures="0" timestamp="30 Sep 2020 14:14:34 GMT" time="49.395" errors="0">
  <testcase name="signup" time="40.365" classname="freecrm.Signup"/>
  <testcase name="Title_verification" time="9.030" classname="freecrm.Signup"/>
</testsuite> <!-- freecrm.Signup -->
